TN:
SF:/Users/Sylvester/Dev/ts-koapollo/src/graphQLServer.ts
FN:20,(anonymous_0)
FNF:1
FNH:1
FNDA:1,(anonymous_0)
DA:1,1
DA:2,1
DA:3,1
DA:4,1
DA:8,1
DA:21,1
DA:22,1
DA:24,1
DA:27,1
DA:35,1
DA:38,1
DA:39,1
DA:42,1
LF:13
LH:13
BRDA:42,0,0,1
BRDA:42,0,1,0
BRF:2
BRH:1
end_of_record
TN:
SF:/Users/Sylvester/Dev/ts-koapollo/src/reactServer.tsx
FN:21,(anonymous_1)
FN:35,(anonymous_2)
FN:45,(anonymous_3)
FNF:3
FNH:3
FNDA:1,(anonymous_1)
FNDA:5,(anonymous_2)
FNDA:5,(anonymous_3)
DA:1,1
DA:2,1
DA:4,1
DA:5,1
DA:6,1
DA:8,1
DA:9,1
DA:10,1
DA:11,1
DA:13,1
DA:14,1
DA:18,1
DA:27,1
DA:28,1
DA:29,1
DA:30,1
DA:32,1
DA:33,1
DA:35,1
DA:41,5
DA:46,5
DA:47,0
DA:48,0
DA:49,0
DA:50,5
DA:51,1
DA:52,4
DA:53,3
DA:54,3
DA:66,3
DA:71,3
DA:74,3
DA:80,3
DA:81,3
DA:83,1
DA:84,1
DA:89,1
LF:37
LH:34
BRDA:46,0,0,0
BRDA:46,0,1,5
BRDA:50,1,0,1
BRDA:50,1,1,4
BRDA:52,2,0,3
BRDA:52,2,1,1
BRF:6
BRH:5
end_of_record
TN:
SF:/Users/Sylvester/Dev/ts-koapollo/src/subscriptionServer.ts
FN:10,(anonymous_0)
FN:13,(anonymous_1)
FNF:2
FNH:2
FNDA:1,(anonymous_0)
FNDA:1,(anonymous_1)
DA:3,1
DA:8,1
DA:12,1
DA:14,1
DA:15,1
DA:19,1
LF:6
LH:6
BRF:0
BRH:0
end_of_record
TN:
SF:/Users/Sylvester/Dev/ts-koapollo/src/helpers/create-apollo-client.ts
FN:3,(anonymous_0)
FN:4,(anonymous_1)
FNF:2
FNH:1
FNDA:3,(anonymous_0)
FNDA:0,(anonymous_1)
DA:1,1
DA:3,3
DA:5,0
DA:6,0
DA:8,0
LF:5
LH:2
BRDA:5,0,0,0
BRDA:5,0,1,0
BRDA:5,1,0,0
BRDA:5,1,1,0
BRF:4
BRH:0
end_of_record
TN:
SF:/Users/Sylvester/Dev/ts-koapollo/src/routes/Html.tsx
FN:11,(anonymous_0)
FNF:1
FNH:1
FNDA:3,(anonymous_0)
DA:1,1
DA:3,1
DA:10,1
DA:12,3
LF:4
LH:4
BRDA:3,0,0,1
BRDA:3,0,1,1
BRF:2
BRH:2
end_of_record
