TN:
SF:/Users/Sylvester/Dev/ts-koapollo/src/graphQLServer.ts
FN:20,(anonymous_0)
FNF:1
FNH:1
FNDA:1,(anonymous_0)
DA:1,1
DA:2,1
DA:3,1
DA:4,1
DA:8,1
DA:21,1
DA:22,1
DA:24,1
DA:27,1
DA:35,1
DA:38,1
DA:39,1
DA:42,1
LF:13
LH:13
BRDA:42,0,0,1
BRDA:42,0,1,0
BRF:2
BRH:1
end_of_record
TN:
SF:/Users/Sylvester/Dev/ts-koapollo/src/reactServer.tsx
FN:30,(anonymous_1)
FN:40,(anonymous_2)
FN:50,(anonymous_3)
FNF:3
FNH:3
FNDA:1,(anonymous_1)
FNDA:3,(anonymous_2)
FNDA:3,(anonymous_3)
DA:1,1
DA:2,1
DA:4,1
DA:5,1
DA:6,1
DA:8,1
DA:9,1
DA:10,1
DA:11,1
DA:13,1
DA:14,1
DA:15,1
DA:20,1
DA:32,1
DA:33,1
DA:34,1
DA:35,1
DA:37,1
DA:38,1
DA:40,1
DA:46,3
DA:51,3
DA:52,0
DA:53,0
DA:54,0
DA:55,3
DA:56,0
DA:57,3
DA:58,2
DA:59,2
DA:71,2
DA:76,2
DA:79,2
DA:85,2
DA:86,2
DA:88,1
DA:89,1
DA:94,1
LF:38
LH:34
BRDA:51,0,0,0
BRDA:51,0,1,3
BRDA:55,1,0,0
BRDA:55,1,1,3
BRDA:57,2,0,2
BRDA:57,2,1,1
BRF:6
BRH:4
end_of_record
TN:
SF:/Users/Sylvester/Dev/ts-koapollo/src/subscriptionServer.ts
FN:18,(anonymous_0)
FN:27,(anonymous_1)
FN:37,(anonymous_2)
FNF:3
FNH:1
FNDA:1,(anonymous_0)
FNDA:0,(anonymous_1)
FNDA:0,(anonymous_2)
DA:1,1
DA:2,1
DA:3,1
DA:9,1
DA:19,1
DA:20,1
DA:26,1
DA:28,0
DA:29,0
DA:33,1
DA:35,1
DA:38,0
LF:12
LH:9
BRF:0
BRH:0
end_of_record
TN:
SF:/Users/Sylvester/Dev/ts-koapollo/src/helpers/create-apollo-client.ts
FN:3,(anonymous_0)
FN:4,(anonymous_1)
FNF:2
FNH:1
FNDA:2,(anonymous_0)
FNDA:0,(anonymous_1)
DA:1,1
DA:3,2
DA:5,0
DA:6,0
DA:8,0
LF:5
LH:2
BRDA:5,0,0,0
BRDA:5,0,1,0
BRDA:5,1,0,0
BRDA:5,1,1,0
BRF:4
BRH:0
end_of_record
TN:
SF:/Users/Sylvester/Dev/ts-koapollo/src/routes/Html.tsx
FN:11,(anonymous_0)
FNF:1
FNH:1
FNDA:2,(anonymous_0)
DA:1,1
DA:3,1
DA:10,1
DA:12,2
LF:4
LH:4
BRDA:3,0,0,1
BRDA:3,0,1,1
BRF:2
BRH:2
end_of_record
TN:
SF:/Users/Sylvester/Dev/ts-koapollo/src/routes/Layout.tsx
FN:7,(anonymous_0)
FNF:1
FNH:1
FNDA:4,(anonymous_0)
DA:1,1
DA:6,1
DA:8,4
LF:3
LH:3
BRF:0
BRH:0
end_of_record
TN:
SF:/Users/Sylvester/Dev/ts-koapollo/src/routes/index.ts
FNF:0
FNH:0
DA:4,1
DA:6,1
DA:11,1
LF:3
LH:3
BRF:0
BRH:0
end_of_record
